This file contains any messages produced by compilers while
running configure, to aid debugging if configure makes a mistake.

It was created by hidapi configure 0.8.0-rc1, which was
generated by GNU Autoconf 2.68.  Invocation command line was

  $ ./configure 

## --------- ##
## Platform. ##
## --------- ##

hostname = puddles.local
uname -m = x86_64
uname -r = 14.5.0
uname -s = Darwin
uname -v = Darwin Kernel Version 14.5.0: Tue Sep  1 21:23:09 PDT 2015; root:xnu-2782.50.1~1/RELEASE_X86_64

/usr/bin/uname -p = i386
/bin/uname -X     = unknown

/bin/arch              = unknown
/usr/bin/arch -k       = unknown
/usr/convex/getsysinfo = unknown
/usr/bin/hostinfo      = Mach kernel version:
	 Darwin Kernel Version 14.5.0: Tue Sep  1 21:23:09 PDT 2015; root:xnu-2782.50.1~1/RELEASE_X86_64
Kernel configured for up to 8 processors.
4 processors are physically available.
8 processors are logically available.
Processor type: x86_64h (Intel x86-64h Haswell)
Processors active: 0 1 2 3 4 5 6 7
Primary memory available: 16.00 gigabytes
Default processor set: 213 tasks, 905 threads, 8 processors
Load average: 1.33, Mach factor: 6.65
/bin/machine           = unknown
/usr/bin/oslevel       = unknown
/bin/universe          = unknown

PATH: /usr/local/autoconf/bin
PATH: /usr/local/bin
PATH: /usr/bin
PATH: /bin
PATH: /usr/sbin
PATH: /sbin
PATH: /opt/X11/bin
PATH: /usr/local/CrossPack-AVR/bin
PATH: /Applications/microchip/xc32/v1.40/bin


## ----------- ##
## Core tests. ##
## ----------- ##

configure:2382: checking for a BSD-compatible install
configure:2450: result: /usr/bin/install -c
configure:2461: checking whether build environment is sane
configure:2511: result: yes
configure:2652: checking for a thread-safe mkdir -p
configure:2691: result: ./install-sh -c -d
configure:2704: checking for gawk
configure:2734: result: no
configure:2704: checking for mawk
configure:2734: result: no
configure:2704: checking for nawk
configure:2734: result: no
configure:2704: checking for awk
configure:2720: found /usr/bin/awk
configure:2731: result: awk
configure:2742: checking whether make sets $(MAKE)
configure:2764: result: yes
configure:2876: checking build system type
configure:2890: result: x86_64-apple-darwin14.5.0
configure:2910: checking host system type
configure:2923: result: x86_64-apple-darwin14.5.0
configure:2964: checking how to print strings
configure:2991: result: printf
configure:3024: checking for style of include used by make
configure:3052: result: GNU
configure:3122: checking for gcc
configure:3138: found /usr/bin/gcc
configure:3149: result: gcc
configure:3378: checking for C compiler version
configure:3387: gcc --version >&5
Apple LLVM version 7.0.2 (clang-700.1.81)
Target: x86_64-apple-darwin14.5.0
Thread model: posix
Configured with: --prefix=/Applications/Xcode.app/Contents/Developer/usr --with-gxx-include-dir=/usr/include/c++/4.2.1
configure:3398: $? = 0
configure:3387: gcc -v >&5
Configured with: --prefix=/Applications/Xcode.app/Contents/Developer/usr --with-gxx-include-dir=/usr/include/c++/4.2.1
Apple LLVM version 7.0.2 (clang-700.1.81)
Target: x86_64-apple-darwin14.5.0
Thread model: posix
configure:3398: $? = 0
configure:3387: gcc -V >&5
clang: error: argument to '-V' is missing (expected 1 value)
clang: error: no input files
configure:3398: $? = 1
configure:3387: gcc -qversion >&5
clang: error: unknown argument: '-qversion'
clang: error: no input files
configure:3398: $? = 1
configure:3418: checking whether the C compiler works
configure:3440: gcc    conftest.c  >&5
configure:3444: $? = 0
configure:3492: result: yes
configure:3495: checking for C compiler default output file name
configure:3497: result: a.out
configure:3503: checking for suffix of executables
configure:3510: gcc -o conftest    conftest.c  >&5
configure:3514: $? = 0
configure:3536: result: 
configure:3558: checking whether we are cross compiling
configure:3566: gcc -o conftest    conftest.c  >&5
configure:3570: $? = 0
configure:3577: ./conftest
configure:3581: $? = 0
configure:3596: result: no
configure:3601: checking for suffix of object files
configure:3623: gcc -c   conftest.c >&5
configure:3627: $? = 0
configure:3648: result: o
configure:3652: checking whether we are using the GNU C compiler
configure:3671: gcc -c   conftest.c >&5
configure:3671: $? = 0
configure:3680: result: yes
configure:3689: checking whether gcc accepts -g
configure:3709: gcc -c -g  conftest.c >&5
configure:3709: $? = 0
configure:3750: result: yes
configure:3767: checking for gcc option to accept ISO C89
configure:3831: gcc  -c -g -O2  conftest.c >&5
configure:3831: $? = 0
configure:3844: result: none needed
configure:3866: checking dependency style of gcc
configure:3976: result: gcc3
configure:3991: checking for a sed that does not truncate output
configure:4055: result: /usr/bin/sed
configure:4073: checking for grep that handles long lines and -e
configure:4131: result: /usr/bin/grep
configure:4136: checking for egrep
configure:4198: result: /usr/bin/grep -E
configure:4203: checking for fgrep
configure:4265: result: /usr/bin/grep -F
configure:4300: checking for ld used by gcc
configure:4367: result: /Applications/Xcode.app/Contents/Developer/Toolchains/XcodeDefault.xctoolchain/usr/bin/ld
configure:4374: checking if the linker (/Applications/Xcode.app/Contents/Developer/Toolchains/XcodeDefault.xctoolchain/usr/bin/ld) is GNU ld
configure:4389: result: no
configure:4401: checking for BSD- or MS-compatible name lister (nm)
configure:4450: result: /usr/bin/nm
configure:4580: checking the name lister (/usr/bin/nm) interface
configure:4587: gcc -c -g -O2  conftest.c >&5
configure:4590: /usr/bin/nm "conftest.o"
configure:4593: output
0000000000000218 S _some_variable
configure:4600: result: BSD nm
configure:4603: checking whether ln -s works
configure:4607: result: yes
configure:4615: checking the maximum length of command line arguments
configure:4740: result: 196608
configure:4757: checking whether the shell understands some XSI constructs
configure:4767: result: yes
configure:4771: checking whether the shell understands "+="
configure:4777: result: yes
configure:4812: checking how to convert x86_64-apple-darwin14.5.0 file names to x86_64-apple-darwin14.5.0 format
configure:4852: result: func_convert_file_noop
configure:4859: checking how to convert x86_64-apple-darwin14.5.0 file names to toolchain format
configure:4879: result: func_convert_file_noop
configure:4886: checking for /Applications/Xcode.app/Contents/Developer/Toolchains/XcodeDefault.xctoolchain/usr/bin/ld option to reload object files
configure:4893: result: -r
configure:4967: checking for objdump
configure:4997: result: no
configure:5026: checking how to recognize dependent libraries
configure:5228: result: pass_all
configure:5313: checking for dlltool
configure:5343: result: no
configure:5373: checking how to associate runtime and link libraries
configure:5400: result: printf %s\n
configure:5461: checking for ar
configure:5477: found /usr/bin/ar
configure:5488: result: ar
configure:5525: checking for archiver @FILE support
configure:5542: gcc -c -g -O2  conftest.c >&5
configure:5542: $? = 0
configure:5545: ar cru libconftest.a @conftest.lst >&5
ar: @conftest.lst: No such file or directory
configure:5548: $? = 1
configure:5568: result: no
configure:5626: checking for strip
configure:5642: found /usr/bin/strip
configure:5653: result: strip
configure:5725: checking for ranlib
configure:5741: found /usr/bin/ranlib
configure:5752: result: ranlib
configure:5854: checking command to parse /usr/bin/nm output from gcc object
configure:5973: gcc -c -g -O2  conftest.c >&5
configure:5976: $? = 0
configure:5980: /usr/bin/nm conftest.o \| sed -n -e 's/^.*[ ]\([BCDEGRST][BCDEGRST]*\)[ ][ ]*\([_A-Za-z][_A-Za-z0-9]*\)$/\1 \2 \2/p' | sed '/ __gnu_lto/d' \> conftest.nm
configure:5983: $? = 0
cannot find nm_test_var in conftest.nm
configure:5973: gcc -c -g -O2  conftest.c >&5
configure:5976: $? = 0
configure:5980: /usr/bin/nm conftest.o \| sed -n -e 's/^.*[ ]\([BCDEGRST][BCDEGRST]*\)[ ][ ]*_\([_A-Za-z][_A-Za-z0-9]*\)$/\1 _\2 \2/p' | sed '/ __gnu_lto/d' \> conftest.nm
configure:5983: $? = 0
configure:6049: gcc -o conftest -g -O2   conftest.c conftstm.o >&5
warning: (x86_64)  could not find object file symbol for symbol _main
configure:6052: $? = 0
configure:6090: result: ok
configure:6127: checking for sysroot
configure:6157: result: no
configure:6400: checking for mt
configure:6430: result: no
configure:6450: checking if : is a manifest tool
configure:6456: : '-?'
configure:6464: result: no
configure:6520: checking for dsymutil
configure:6536: found /usr/bin/dsymutil
configure:6547: result: dsymutil
configure:6612: checking for nmedit
configure:6628: found /usr/bin/nmedit
configure:6639: result: nmedit
configure:6704: checking for lipo
configure:6720: found /usr/bin/lipo
configure:6731: result: lipo
configure:6796: checking for otool
configure:6812: found /usr/bin/otool
configure:6823: result: otool
configure:6888: checking for otool64
configure:6918: result: no
configure:6963: checking for -single_module linker flag
gcc -g -O2  -o libconftest.dylib -dynamiclib -Wl,-single_module conftest.c
configure:6990: result: yes
configure:6992: checking for -exported_symbols_list linker flag
configure:7012: gcc -o conftest -g -O2   -Wl,-exported_symbols_list,conftest.sym conftest.c  >&5
configure:7012: $? = 0
configure:7022: result: yes
configure:7024: checking for -force_load linker flag
gcc -g -O2 -c -o conftest.o conftest.c
ar cru libconftest.a conftest.o
ranlib libconftest.a
gcc -g -O2  -o conftest conftest.c -Wl,-force_load,./libconftest.a
warning: (x86_64)  could not find object file symbol for symbol _forced_loaded
configure:7054: result: no
configure:7096: checking how to run the C preprocessor
configure:7127: gcc -E  conftest.c
configure:7127: $? = 0
configure:7141: gcc -E  conftest.c
conftest.c:11:10: fatal error: 'ac_nonexistent.h' file not found
#include <ac_nonexistent.h>
         ^
1 error generated.
configure:7141: $? = 1
configure: failed program was:
| /* confdefs.h */
| #define PACKAGE_NAME "hidapi"
| #define PACKAGE_TARNAME "hidapi"
| #define PACKAGE_VERSION "0.8.0-rc1"
| #define PACKAGE_STRING "hidapi 0.8.0-rc1"
| #define PACKAGE_BUGREPORT "alan@signal11.us"
| #define PACKAGE_URL ""
| #define PACKAGE "hidapi"
| #define VERSION "0.8.0-rc1"
| /* end confdefs.h.  */
| #include <ac_nonexistent.h>
configure:7166: result: gcc -E
configure:7186: gcc -E  conftest.c
configure:7186: $? = 0
configure:7200: gcc -E  conftest.c
conftest.c:11:10: fatal error: 'ac_nonexistent.h' file not found
#include <ac_nonexistent.h>
         ^
1 error generated.
configure:7200: $? = 1
configure: failed program was:
| /* confdefs.h */
| #define PACKAGE_NAME "hidapi"
| #define PACKAGE_TARNAME "hidapi"
| #define PACKAGE_VERSION "0.8.0-rc1"
| #define PACKAGE_STRING "hidapi 0.8.0-rc1"
| #define PACKAGE_BUGREPORT "alan@signal11.us"
| #define PACKAGE_URL ""
| #define PACKAGE "hidapi"
| #define VERSION "0.8.0-rc1"
| /* end confdefs.h.  */
| #include <ac_nonexistent.h>
configure:7229: checking for ANSI C header files
configure:7249: gcc -c -g -O2  conftest.c >&5
configure:7249: $? = 0
configure:7322: gcc -o conftest -g -O2   conftest.c  >&5
configure:7322: $? = 0
configure:7322: ./conftest
configure:7322: $? = 0
configure:7333: result: yes
configure:7346: checking for sys/types.h
configure:7346: gcc -c -g -O2  conftest.c >&5
configure:7346: $? = 0
configure:7346: result: yes
configure:7346: checking for sys/stat.h
configure:7346: gcc -c -g -O2  conftest.c >&5
configure:7346: $? = 0
configure:7346: result: yes
configure:7346: checking for stdlib.h
configure:7346: gcc -c -g -O2  conftest.c >&5
configure:7346: $? = 0
configure:7346: result: yes
configure:7346: checking for string.h
configure:7346: gcc -c -g -O2  conftest.c >&5
configure:7346: $? = 0
configure:7346: result: yes
configure:7346: checking for memory.h
configure:7346: gcc -c -g -O2  conftest.c >&5
configure:7346: $? = 0
configure:7346: result: yes
configure:7346: checking for strings.h
configure:7346: gcc -c -g -O2  conftest.c >&5
configure:7346: $? = 0
configure:7346: result: yes
configure:7346: checking for inttypes.h
configure:7346: gcc -c -g -O2  conftest.c >&5
configure:7346: $? = 0
configure:7346: result: yes
configure:7346: checking for stdint.h
configure:7346: gcc -c -g -O2  conftest.c >&5
configure:7346: $? = 0
configure:7346: result: yes
configure:7346: checking for unistd.h
configure:7346: gcc -c -g -O2  conftest.c >&5
configure:7346: $? = 0
configure:7346: result: yes
configure:7360: checking for dlfcn.h
configure:7360: gcc -c -g -O2  conftest.c >&5
configure:7360: $? = 0
configure:7360: result: yes
configure:7547: checking for objdir
configure:7562: result: .libs
configure:7833: checking if gcc supports -fno-rtti -fno-exceptions
configure:7851: gcc -c -g -O2  -fno-rtti -fno-exceptions conftest.c >&5
configure:7855: $? = 0
configure:7868: result: yes
configure:8178: checking for gcc option to produce PIC
configure:8185: result: -fno-common -DPIC
configure:8193: checking if gcc PIC flag -fno-common -DPIC works
configure:8211: gcc -c -g -O2  -fno-common -DPIC -DPIC conftest.c >&5
configure:8215: $? = 0
configure:8228: result: yes
configure:8257: checking if gcc static flag -static works
configure:8285: result: no
configure:8300: checking if gcc supports -c -o file.o
configure:8321: gcc -c -g -O2  -o out/conftest2.o conftest.c >&5
configure:8325: $? = 0
configure:8347: result: yes
configure:8355: checking if gcc supports -c -o file.o
configure:8402: result: yes
configure:8435: checking whether the gcc linker (/Applications/Xcode.app/Contents/Developer/Toolchains/XcodeDefault.xctoolchain/usr/bin/ld) supports shared libraries
configure:9593: result: yes
configure:9838: checking dynamic linker characteristics
configure:10578: result: darwin14.5.0 dyld
configure:10685: checking how to hardcode library paths into programs
configure:10710: result: immediate
configure:11250: checking whether stripping libraries is possible
configure:11264: result: yes
configure:11290: checking if libtool supports shared libraries
configure:11292: result: yes
configure:11295: checking whether to build shared libraries
configure:11316: result: yes
configure:11319: checking whether to build static libraries
configure:11323: result: yes
configure:11407: checking for gcc
configure:11434: result: gcc
configure:11663: checking for C compiler version
configure:11672: gcc --version >&5
Apple LLVM version 7.0.2 (clang-700.1.81)
Target: x86_64-apple-darwin14.5.0
Thread model: posix
Configured with: --prefix=/Applications/Xcode.app/Contents/Developer/usr --with-gxx-include-dir=/usr/include/c++/4.2.1
configure:11683: $? = 0
configure:11672: gcc -v >&5
Configured with: --prefix=/Applications/Xcode.app/Contents/Developer/usr --with-gxx-include-dir=/usr/include/c++/4.2.1
Apple LLVM version 7.0.2 (clang-700.1.81)
Target: x86_64-apple-darwin14.5.0
Thread model: posix
configure:11683: $? = 0
configure:11672: gcc -V >&5
clang: error: argument to '-V' is missing (expected 1 value)
clang: error: no input files
configure:11683: $? = 1
configure:11672: gcc -qversion >&5
clang: error: unknown argument: '-qversion'
clang: error: no input files
configure:11683: $? = 1
configure:11687: checking whether we are using the GNU C compiler
configure:11715: result: yes
configure:11724: checking whether gcc accepts -g
configure:11785: result: yes
configure:11802: checking for gcc option to accept ISO C89
configure:11879: result: none needed
configure:11901: checking dependency style of gcc
configure:12011: result: gcc3
configure:12084: checking for g++
configure:12100: found /usr/bin/g++
configure:12111: result: g++
configure:12138: checking for C++ compiler version
configure:12147: g++ --version >&5
Apple LLVM version 7.0.2 (clang-700.1.81)
Target: x86_64-apple-darwin14.5.0
Thread model: posix
Configured with: --prefix=/Applications/Xcode.app/Contents/Developer/usr --with-gxx-include-dir=/usr/include/c++/4.2.1
configure:12158: $? = 0
configure:12147: g++ -v >&5
Configured with: --prefix=/Applications/Xcode.app/Contents/Developer/usr --with-gxx-include-dir=/usr/include/c++/4.2.1
Apple LLVM version 7.0.2 (clang-700.1.81)
Target: x86_64-apple-darwin14.5.0
Thread model: posix
configure:12158: $? = 0
configure:12147: g++ -V >&5
clang: error: argument to '-V' is missing (expected 1 value)
clang: error: no input files
configure:12158: $? = 1
configure:12147: g++ -qversion >&5
clang: error: unknown argument: '-qversion'
clang: error: no input files
configure:12158: $? = 1
configure:12162: checking whether we are using the GNU C++ compiler
configure:12181: g++ -c   conftest.cpp >&5
configure:12181: $? = 0
configure:12190: result: yes
configure:12199: checking whether g++ accepts -g
configure:12219: g++ -c -g  conftest.cpp >&5
configure:12219: $? = 0
configure:12260: result: yes
configure:12285: checking dependency style of g++
configure:12395: result: gcc3
configure:12428: checking how to run the C++ preprocessor
configure:12455: g++ -E  conftest.cpp
configure:12455: $? = 0
configure:12469: g++ -E  conftest.cpp
conftest.cpp:23:10: fatal error: 'ac_nonexistent.h' file not found
#include <ac_nonexistent.h>
         ^
1 error generated.
configure:12469: $? = 1
configure: failed program was:
| /* confdefs.h */
| #define PACKAGE_NAME "hidapi"
| #define PACKAGE_TARNAME "hidapi"
| #define PACKAGE_VERSION "0.8.0-rc1"
| #define PACKAGE_STRING "hidapi 0.8.0-rc1"
| #define PACKAGE_BUGREPORT "alan@signal11.us"
| #define PACKAGE_URL ""
| #define PACKAGE "hidapi"
| #define VERSION "0.8.0-rc1"
| #define STDC_HEADERS 1
| #define HAVE_SYS_TYPES_H 1
| #define HAVE_SYS_STAT_H 1
| #define HAVE_STDLIB_H 1
| #define HAVE_STRING_H 1
| #define HAVE_MEMORY_H 1
| #define HAVE_STRINGS_H 1
| #define HAVE_INTTYPES_H 1
| #define HAVE_STDINT_H 1
| #define HAVE_UNISTD_H 1
| #define HAVE_DLFCN_H 1
| #define LT_OBJDIR ".libs/"
| /* end confdefs.h.  */
| #include <ac_nonexistent.h>
configure:12494: result: g++ -E
configure:12514: g++ -E  conftest.cpp
configure:12514: $? = 0
configure:12528: g++ -E  conftest.cpp
conftest.cpp:23:10: fatal error: 'ac_nonexistent.h' file not found
#include <ac_nonexistent.h>
         ^
1 error generated.
configure:12528: $? = 1
configure: failed program was:
| /* confdefs.h */
| #define PACKAGE_NAME "hidapi"
| #define PACKAGE_TARNAME "hidapi"
| #define PACKAGE_VERSION "0.8.0-rc1"
| #define PACKAGE_STRING "hidapi 0.8.0-rc1"
| #define PACKAGE_BUGREPORT "alan@signal11.us"
| #define PACKAGE_URL ""
| #define PACKAGE "hidapi"
| #define VERSION "0.8.0-rc1"
| #define STDC_HEADERS 1
| #define HAVE_SYS_TYPES_H 1
| #define HAVE_SYS_STAT_H 1
| #define HAVE_STDLIB_H 1
| #define HAVE_STRING_H 1
| #define HAVE_MEMORY_H 1
| #define HAVE_STRINGS_H 1
| #define HAVE_INTTYPES_H 1
| #define HAVE_STDINT_H 1
| #define HAVE_UNISTD_H 1
| #define HAVE_DLFCN_H 1
| #define LT_OBJDIR ".libs/"
| /* end confdefs.h.  */
| #include <ac_nonexistent.h>
configure:12698: checking for ld used by g++
configure:12765: result: /Applications/Xcode.app/Contents/Developer/Toolchains/XcodeDefault.xctoolchain/usr/bin/ld
configure:12772: checking if the linker (/Applications/Xcode.app/Contents/Developer/Toolchains/XcodeDefault.xctoolchain/usr/bin/ld) is GNU ld
configure:12787: result: no
configure:12842: checking whether the g++ linker (/Applications/Xcode.app/Contents/Developer/Toolchains/XcodeDefault.xctoolchain/usr/bin/ld) supports shared libraries
configure:13846: result: yes
configure:13881: g++ -c -g -O2  conftest.cpp >&5
configure:13884: $? = 0
configure:14404: checking for g++ option to produce PIC
configure:14411: result: -fno-common -DPIC
configure:14419: checking if g++ PIC flag -fno-common -DPIC works
configure:14437: g++ -c -g -O2  -fno-common -DPIC -DPIC conftest.cpp >&5
configure:14441: $? = 0
configure:14454: result: yes
configure:14477: checking if g++ static flag -static works
configure:14505: result: no
configure:14517: checking if g++ supports -c -o file.o
configure:14538: g++ -c -g -O2  -o out/conftest2.o conftest.cpp >&5
configure:14542: $? = 0
configure:14564: result: yes
configure:14569: checking if g++ supports -c -o file.o
configure:14616: result: yes
configure:14646: checking whether the g++ linker (/Applications/Xcode.app/Contents/Developer/Toolchains/XcodeDefault.xctoolchain/usr/bin/ld) supports shared libraries
configure:14680: result: yes
configure:14823: checking dynamic linker characteristics
configure:15497: result: darwin14.5.0 dyld
configure:15550: checking how to hardcode library paths into programs
configure:15575: result: immediate
configure:15669: checking for gcc
configure:15685: found /usr/bin/gcc
configure:15696: result: gcc
configure:15721: checking for Objective C compiler version
configure:15730: gcc --version >&5
Apple LLVM version 7.0.2 (clang-700.1.81)
Target: x86_64-apple-darwin14.5.0
Thread model: posix
Configured with: --prefix=/Applications/Xcode.app/Contents/Developer/usr --with-gxx-include-dir=/usr/include/c++/4.2.1
configure:15741: $? = 0
configure:15730: gcc -v >&5
Configured with: --prefix=/Applications/Xcode.app/Contents/Developer/usr --with-gxx-include-dir=/usr/include/c++/4.2.1
Apple LLVM version 7.0.2 (clang-700.1.81)
Target: x86_64-apple-darwin14.5.0
Thread model: posix
configure:15741: $? = 0
configure:15730: gcc -V >&5
clang: error: argument to '-V' is missing (expected 1 value)
clang: error: no input files
configure:15741: $? = 1
configure:15730: gcc -qversion >&5
clang: error: unknown argument: '-qversion'
clang: error: no input files
configure:15741: $? = 1
configure:15745: checking whether we are using the GNU Objective C compiler
configure:15764: gcc -c   conftest.m >&5
configure:15764: $? = 0
configure:15773: result: yes
configure:15782: checking whether gcc accepts -g
configure:15802: gcc -c -g  conftest.m >&5
configure:15802: $? = 0
configure:15843: result: yes
configure:15868: checking dependency style of gcc
configure:15976: result: gcc3
configure:16040: checking for pkg-config
configure:16073: result: no
configure:16139: checking operating system
configure:16141: result: x86_64-apple-darwin14.5.0
configure:16348: result:  (Mac OS X back-end)
configure:16614: checking whether pthreads work with -pthread
configure:16702: gcc -o conftest -g -O2 -pthread   conftest.c   -framework IOKit -framework CoreFoundation >&5
configure:16702: $? = 0
configure:16711: result: yes
configure:16730: checking for joinable pthread attribute
configure:16745: gcc -o conftest -g -O2 -pthread   conftest.c   -framework IOKit -framework CoreFoundation >&5
configure:16745: $? = 0
configure:16751: result: PTHREAD_CREATE_JOINABLE
configure:16761: checking if more special flags are required for pthreads
configure:16775: result: -D_THREAD_SAFE
configure:16781: checking for PTHREAD_PRIO_INHERIT
configure:16799: gcc -o conftest -g -O2 -pthread   conftest.c   -framework IOKit -framework CoreFoundation >&5
configure:16799: $? = 0
configure:16808: result: yes
configure:17305: creating ./config.status

## ---------------------- ##
## Running config.status. ##
## ---------------------- ##

This file was extended by hidapi config.status 0.8.0-rc1, which was
generated by GNU Autoconf 2.68.  Invocation command line was

  CONFIG_FILES    = 
  CONFIG_HEADERS  = 
  CONFIG_LINKS    = 
  CONFIG_COMMANDS = 
  $ ./config.status 

on puddles.local

config.status:1201: creating pc/hidapi.pc
config.status:1201: creating Makefile
config.status:1201: creating hidtest/Makefile
config.status:1201: creating libusb/Makefile
config.status:1201: creating linux/Makefile
config.status:1201: creating mac/Makefile
config.status:1201: creating testgui/Makefile
config.status:1201: creating windows/Makefile
config.status:1201: creating config.h
config.status:1430: executing depfiles commands
config.status:1430: executing libtool commands

## ---------------- ##
## Cache variables. ##
## ---------------- ##

ac_cv_build=x86_64-apple-darwin14.5.0
ac_cv_c_compiler_gnu=yes
ac_cv_cxx_compiler_gnu=yes
ac_cv_env_CCC_set=
ac_cv_env_CCC_value=
ac_cv_env_CC_set=
ac_cv_env_CC_value=
ac_cv_env_CFLAGS_set=
ac_cv_env_CFLAGS_value=
ac_cv_env_CPPFLAGS_set=
ac_cv_env_CPPFLAGS_value=
ac_cv_env_CPP_set=
ac_cv_env_CPP_value=
ac_cv_env_CXXCPP_set=
ac_cv_env_CXXCPP_value=
ac_cv_env_CXXFLAGS_set=
ac_cv_env_CXXFLAGS_value=
ac_cv_env_CXX_set=
ac_cv_env_CXX_value=
ac_cv_env_LDFLAGS_set=
ac_cv_env_LDFLAGS_value=
ac_cv_env_LIBS_set=
ac_cv_env_LIBS_value=
ac_cv_env_OBJCFLAGS_set=
ac_cv_env_OBJCFLAGS_value=
ac_cv_env_OBJC_set=
ac_cv_env_OBJC_value=
ac_cv_env_PKG_CONFIG_set=
ac_cv_env_PKG_CONFIG_value=
ac_cv_env_build_alias_set=
ac_cv_env_build_alias_value=
ac_cv_env_fox_CFLAGS_set=
ac_cv_env_fox_CFLAGS_value=
ac_cv_env_fox_LIBS_set=
ac_cv_env_fox_LIBS_value=
ac_cv_env_host_alias_set=
ac_cv_env_host_alias_value=
ac_cv_env_libudev_CFLAGS_set=
ac_cv_env_libudev_CFLAGS_value=
ac_cv_env_libudev_LIBS_set=
ac_cv_env_libudev_LIBS_value=
ac_cv_env_libusb_CFLAGS_set=
ac_cv_env_libusb_CFLAGS_value=
ac_cv_env_libusb_LIBS_set=
ac_cv_env_libusb_LIBS_value=
ac_cv_env_target_alias_set=
ac_cv_env_target_alias_value=
ac_cv_header_dlfcn_h=yes
ac_cv_header_inttypes_h=yes
ac_cv_header_memory_h=yes
ac_cv_header_stdc=yes
ac_cv_header_stdint_h=yes
ac_cv_header_stdlib_h=yes
ac_cv_header_string_h=yes
ac_cv_header_strings_h=yes
ac_cv_header_sys_stat_h=yes
ac_cv_header_sys_types_h=yes
ac_cv_header_unistd_h=yes
ac_cv_host=x86_64-apple-darwin14.5.0
ac_cv_objc_compiler_gnu=yes
ac_cv_objext=o
ac_cv_path_EGREP='/usr/bin/grep -E'
ac_cv_path_FGREP='/usr/bin/grep -F'
ac_cv_path_GREP=/usr/bin/grep
ac_cv_path_SED=/usr/bin/sed
ac_cv_path_install='/usr/bin/install -c'
ac_cv_prog_AWK=awk
ac_cv_prog_CPP='gcc -E'
ac_cv_prog_CXXCPP='g++ -E'
ac_cv_prog_ac_ct_AR=ar
ac_cv_prog_ac_ct_CC=gcc
ac_cv_prog_ac_ct_CXX=g++
ac_cv_prog_ac_ct_DSYMUTIL=dsymutil
ac_cv_prog_ac_ct_LIPO=lipo
ac_cv_prog_ac_ct_NMEDIT=nmedit
ac_cv_prog_ac_ct_OBJC=gcc
ac_cv_prog_ac_ct_OTOOL=otool
ac_cv_prog_ac_ct_RANLIB=ranlib
ac_cv_prog_ac_ct_STRIP=strip
ac_cv_prog_cc_c89=
ac_cv_prog_cc_g=yes
ac_cv_prog_cxx_g=yes
ac_cv_prog_make_make_set=yes
ac_cv_prog_objc_g=yes
am_cv_CC_dependencies_compiler_type=gcc3
am_cv_CXX_dependencies_compiler_type=gcc3
am_cv_OBJC_dependencies_compiler_type=gcc3
ax_cv_PTHREAD_PRIO_INHERIT=yes
lt_cv_apple_cc_single_mod=yes
lt_cv_ar_at_file=no
lt_cv_deplibs_check_method=pass_all
lt_cv_file_magic_cmd='$MAGIC_CMD'
lt_cv_file_magic_test_file=
lt_cv_ld_exported_symbols_list=yes
lt_cv_ld_force_load=no
lt_cv_ld_reload_flag=-r
lt_cv_nm_interface='BSD nm'
lt_cv_objdir=.libs
lt_cv_path_LD=/Applications/Xcode.app/Contents/Developer/Toolchains/XcodeDefault.xctoolchain/usr/bin/ld
lt_cv_path_LDCXX=/Applications/Xcode.app/Contents/Developer/Toolchains/XcodeDefault.xctoolchain/usr/bin/ld
lt_cv_path_NM=/usr/bin/nm
lt_cv_path_mainfest_tool=no
lt_cv_prog_compiler_c_o=yes
lt_cv_prog_compiler_c_o_CXX=yes
lt_cv_prog_compiler_pic='-fno-common -DPIC'
lt_cv_prog_compiler_pic_CXX='-fno-common -DPIC'
lt_cv_prog_compiler_pic_works=yes
lt_cv_prog_compiler_pic_works_CXX=yes
lt_cv_prog_compiler_rtti_exceptions=yes
lt_cv_prog_compiler_static_works=no
lt_cv_prog_compiler_static_works_CXX=no
lt_cv_prog_gnu_ld=no
lt_cv_prog_gnu_ldcxx=no
lt_cv_sharedlib_from_linklib_cmd='printf %s\n'
lt_cv_sys_global_symbol_pipe='sed -n -e '\''s/^.*[	 ]\([BCDEGRST][BCDEGRST]*\)[	 ][	 ]*_\([_A-Za-z][_A-Za-z0-9]*\)$/\1 _\2 \2/p'\'' | sed '\''/ __gnu_lto/d'\'''
lt_cv_sys_global_symbol_to_c_name_address='sed -n -e '\''s/^: \([^ ]*\)[ ]*$/  {\"\1\", (void *) 0},/p'\'' -e '\''s/^[BCDEGRST]* \([^ ]*\) \([^ ]*\)$/  {"\2", (void *) \&\2},/p'\'''
lt_cv_sys_global_symbol_to_c_name_address_lib_prefix='sed -n -e '\''s/^: \([^ ]*\)[ ]*$/  {\"\1\", (void *) 0},/p'\'' -e '\''s/^[BCDEGRST]* \([^ ]*\) \(lib[^ ]*\)$/  {"\2", (void *) \&\2},/p'\'' -e '\''s/^[BCDEGRST]* \([^ ]*\) \([^ ]*\)$/  {"lib\2", (void *) \&\2},/p'\'''
lt_cv_sys_global_symbol_to_cdecl='sed -n -e '\''s/^T .* \(.*\)$/extern int \1();/p'\'' -e '\''s/^[BCDEGRST]* .* \(.*\)$/extern char \1;/p'\'''
lt_cv_sys_max_cmd_len=196608
lt_cv_to_host_file_cmd=func_convert_file_noop
lt_cv_to_tool_file_cmd=func_convert_file_noop

## ----------------- ##
## Output variables. ##
## ----------------- ##

ACLOCAL='${SHELL} /Users/alan/Documents/Projects/badge2016/pic32usb1388_v1.0/hidapi/hidapi/missing --run aclocal-1.11'
AMDEPBACKSLASH='\'
AMDEP_FALSE='#'
AMDEP_TRUE=''
AMTAR='${SHELL} /Users/alan/Documents/Projects/badge2016/pic32usb1388_v1.0/hidapi/hidapi/missing --run tar'
AM_BACKSLASH='\'
AM_DEFAULT_VERBOSITY='0'
AR='ar'
AUTOCONF='${SHELL} /Users/alan/Documents/Projects/badge2016/pic32usb1388_v1.0/hidapi/hidapi/missing --run autoconf'
AUTOHEADER='${SHELL} /Users/alan/Documents/Projects/badge2016/pic32usb1388_v1.0/hidapi/hidapi/missing --run autoheader'
AUTOMAKE='${SHELL} /Users/alan/Documents/Projects/badge2016/pic32usb1388_v1.0/hidapi/hidapi/missing --run automake-1.11'
AWK='awk'
BUILD_TESTGUI_FALSE=''
BUILD_TESTGUI_TRUE='#'
CC='gcc'
CCDEPMODE='depmode=gcc3'
CFLAGS='-g -O2 -D_THREAD_SAFE -pthread'
CFLAGS_HIDRAW=''
CFLAGS_LIBUSB=''
CFLAGS_TESTGUI=''
CPP='gcc -E'
CPPFLAGS=''
CXX='g++'
CXXCPP='g++ -E'
CXXDEPMODE='depmode=gcc3'
CXXFLAGS='-g -O2'
CYGPATH_W='echo'
DEFS='-DHAVE_CONFIG_H'
DEPDIR='.deps'
DLLTOOL='false'
DSYMUTIL='dsymutil'
DUMPBIN=''
ECHO_C='\c'
ECHO_N=''
ECHO_T=''
EGREP='/usr/bin/grep -E'
EXEEXT=''
FGREP='/usr/bin/grep -F'
GREP='/usr/bin/grep'
INSTALL_DATA='${INSTALL} -m 644'
INSTALL_PROGRAM='${INSTALL}'
INSTALL_SCRIPT='${INSTALL}'
INSTALL_STRIP_PROGRAM='$(install_sh) -c -s'
LD='/Applications/Xcode.app/Contents/Developer/Toolchains/XcodeDefault.xctoolchain/usr/bin/ld'
LDFLAGS=''
LIBOBJS=''
LIBS='  -framework IOKit -framework CoreFoundation'
LIBS_HIDRAW=' -framework IOKit -framework CoreFoundation '
LIBS_LIBUSB=' -framework IOKit -framework CoreFoundation '
LIBS_TESTGUI=''
LIBTOOL='$(SHELL) $(top_builddir)/libtool'
LIPO='lipo'
LN_S='ln -s'
LTLDFLAGS='-version-info 0:0:0'
LTLIBOBJS=''
MAKEINFO='${SHELL} /Users/alan/Documents/Projects/badge2016/pic32usb1388_v1.0/hidapi/hidapi/missing --run makeinfo'
MANIFEST_TOOL=':'
MKDIR_P='./install-sh -c -d'
NM='/usr/bin/nm'
NMEDIT='nmedit'
OBJC='gcc'
OBJCDEPMODE='depmode=gcc3'
OBJCFLAGS='-g -O2'
OBJDUMP='false'
OBJEXT='o'
OS_DARWIN=''
OS_DARWIN_FALSE='#'
OS_DARWIN_TRUE=''
OS_FREEBSD=''
OS_FREEBSD_FALSE=''
OS_FREEBSD_TRUE='#'
OS_LINUX=''
OS_LINUX_FALSE=''
OS_LINUX_TRUE='#'
OS_WINDOWS=''
OS_WINDOWS_FALSE=''
OS_WINDOWS_TRUE='#'
OTOOL64=':'
OTOOL='otool'
PACKAGE='hidapi'
PACKAGE_BUGREPORT='alan@signal11.us'
PACKAGE_NAME='hidapi'
PACKAGE_STRING='hidapi 0.8.0-rc1'
PACKAGE_TARNAME='hidapi'
PACKAGE_URL=''
PACKAGE_VERSION='0.8.0-rc1'
PATH_SEPARATOR=':'
PKG_CONFIG=''
PTHREAD_CC='gcc'
PTHREAD_CFLAGS='-D_THREAD_SAFE -pthread'
PTHREAD_LIBS=''
RANLIB='ranlib'
SED='/usr/bin/sed'
SET_MAKE=''
SHELL='/bin/sh'
STRIP='strip'
VERSION='0.8.0-rc1'
ac_ct_AR='ar'
ac_ct_CC='gcc'
ac_ct_CXX='g++'
ac_ct_DUMPBIN=''
ac_ct_OBJC='gcc'
am__EXEEXT_FALSE=''
am__EXEEXT_TRUE='#'
am__fastdepCC_FALSE='#'
am__fastdepCC_TRUE=''
am__fastdepCXX_FALSE='#'
am__fastdepCXX_TRUE=''
am__fastdepOBJC_FALSE='#'
am__fastdepOBJC_TRUE=''
am__include='include'
am__isrc=''
am__leading_dot='.'
am__quote=''
am__tar='${AMTAR} chof - "$$tardir"'
am__untar='${AMTAR} xf -'
ax_pthread_config=''
backend='mac'
bindir='${exec_prefix}/bin'
build='x86_64-apple-darwin14.5.0'
build_alias=''
build_cpu='x86_64'
build_os='darwin14.5.0'
build_vendor='apple'
datadir='${datarootdir}'
datarootdir='${prefix}/share'
docdir='${datarootdir}/doc/${PACKAGE_TARNAME}'
dvidir='${docdir}'
exec_prefix='${prefix}'
fox_CFLAGS=''
fox_LIBS=''
foxconfig=''
host='x86_64-apple-darwin14.5.0'
host_alias=''
host_cpu='x86_64'
host_os='darwin14.5.0'
host_vendor='apple'
htmldir='${docdir}'
includedir='${prefix}/include'
infodir='${datarootdir}/info'
install_sh='${SHELL} /Users/alan/Documents/Projects/badge2016/pic32usb1388_v1.0/hidapi/hidapi/install-sh'
libdir='${exec_prefix}/lib'
libexecdir='${exec_prefix}/libexec'
libudev_CFLAGS=''
libudev_LIBS=''
libusb_CFLAGS=''
libusb_LIBS=''
localedir='${datarootdir}/locale'
localstatedir='${prefix}/var'
mandir='${datarootdir}/man'
mkdir_p='$(top_builddir)/./install-sh -c -d'
oldincludedir='/usr/include'
pdfdir='${docdir}'
prefix='/usr/local'
program_transform_name='s,x,x,'
psdir='${docdir}'
sbindir='${exec_prefix}/sbin'
sharedstatedir='${prefix}/com'
sysconfdir='${prefix}/etc'
target_alias=''

## ----------- ##
## confdefs.h. ##
## ----------- ##

/* confdefs.h */
#define PACKAGE_NAME "hidapi"
#define PACKAGE_TARNAME "hidapi"
#define PACKAGE_VERSION "0.8.0-rc1"
#define PACKAGE_STRING "hidapi 0.8.0-rc1"
#define PACKAGE_BUGREPORT "alan@signal11.us"
#define PACKAGE_URL ""
#define PACKAGE "hidapi"
#define VERSION "0.8.0-rc1"
#define STDC_HEADERS 1
#define HAVE_SYS_TYPES_H 1
#define HAVE_SYS_STAT_H 1
#define HAVE_STDLIB_H 1
#define HAVE_STRING_H 1
#define HAVE_MEMORY_H 1
#define HAVE_STRINGS_H 1
#define HAVE_INTTYPES_H 1
#define HAVE_STDINT_H 1
#define HAVE_UNISTD_H 1
#define HAVE_DLFCN_H 1
#define LT_OBJDIR ".libs/"
#define OS_DARWIN 1
#define HAVE_PTHREAD_PRIO_INHERIT 1

configure: exit 0
